<?xml version="1.0" encoding="UTF-8"?>
<!-- Generated by org.testng.reporters.JUnitXMLReporter -->
<testsuite ignored="0" hostname="LAPTOP-5SL2JFF8" failures="0" tests="3" name="Command line test" time="13.338" errors="0" timestamp="2023-09-14T14:10:52 CEST">
  <testcase classname="testcases.TestCase1" name="doLogin" time="2.7"/>
  <testcase classname="testcases.TestCase1" name="doUserReg" time="0.029"/>
  <testcase classname="testcases.TestCase2" name="validateTitles" time="3.116"/>
</testsuite> <!-- Command line test -->
